<?xml version="1.0" encoding="UTF-8"?>
<!-- Generated by org.testng.reporters.JUnitXMLReporter -->
<testsuite ignored="2" hostname="Roshan" failures="0" tests="2" name="Test-runner-1" time="19.029" errors="0" timestamp="2023-03-27T15:34:09 IST">
  <testcase classname="MyAccount.ProductviewpomTest" name="Productview" time="3.466"/>
  <testcase classname="Wishlist.AddtowishlistpomTest" name="addtowisList" time="2.632"/>
  <testcase classname="com.GenericUtilities.BaseClass" name="@BeforeSuite connecttoDB" time="0.0">
    <ignored/>
  </testcase> <!-- @BeforeSuite connecttoDB -->
  <testcase classname="com.GenericUtilities.BaseClass" name="@AfterSuite closeDB" time="0.0">
    <ignored/>
  </testcase> <!-- @AfterSuite closeDB -->
</testsuite> <!-- Test-runner-1 -->
