<?xml version="1.0" encoding="UTF-8"?>
<!-- Generated by org.testng.reporters.JUnitReportReporter -->
<testsuite hostname="Roshan" failures="0" tests="2" name="Practisepackage.DataProviderusingGenericUtilities" time="0.009" errors="0" timestamp="2023-03-24T13:18:33 IST" skipped="0">
  <testcase classname="Practisepackage.DataProviderusingGenericUtilities" name="getdata" time="0.008"/>
  <system-out/>
  <testcase classname="Practisepackage.DataProviderusingGenericUtilities" name="getdata" time="0.001"/>
  <system-out/>
</testsuite> <!-- Practisepackage.DataProviderusingGenericUtilities -->
