<?xml version="1.0" encoding="UTF-8"?>
<!-- Generated by org.testng.reporters.JUnitReportReporter -->
<testsuite hostname="Roshan" failures="0" tests="1" name="Login.loginPOM" time="2.380" errors="0" timestamp="2023-03-24T17:07:03 IST" skipped="0">
  <testcase classname="Login.loginPOM" name="SignIN" time="2.380"/>
  <system-out/>
</testsuite> <!-- Login.loginPOM -->
