<?xml version="1.0" encoding="UTF-8"?>
<!-- Generated by org.testng.reporters.JUnitReportReporter -->
<testsuite hostname="Roshan" failures="0" tests="1" name="Wishlist.Addtowishlistpom" time="2.234" errors="0" timestamp="2023-03-24T16:24:28 IST" skipped="0">
  <testcase classname="Wishlist.Addtowishlistpom" name="addtowisList" time="2.234"/>
  <system-out>
    <![CDATA[addwishlist]]>
  </system-out>
</testsuite> <!-- Wishlist.Addtowishlistpom -->
