<?xml version="1.0" encoding="UTF-8"?>
<!-- Generated by org.testng.reporters.JUnitReportReporter -->
<testsuite hostname="Roshan" failures="0" tests="2" name="Practisepackage.DataProviderwithdata" time="0.006" errors="0" timestamp="2023-03-24T09:56:50 IST" skipped="0">
  <testcase classname="Practisepackage.DataProviderwithdata" name="getdata" time="0.001"/>
  <system-out/>
  <testcase classname="Practisepackage.DataProviderwithdata" name="getdata" time="0.005"/>
  <system-out/>
</testsuite> <!-- Practisepackage.DataProviderwithdata -->
