<?xml version="1.0" encoding="UTF-8"?>
<!-- Generated by org.testng.reporters.JUnitReportReporter -->
<testsuite hostname="Roshan" failures="0" tests="2" name="Practisepackage.DataProviderwithdata2" time="0.006" errors="0" timestamp="2023-03-24T10:00:16 IST" skipped="0">
  <testcase classname="Practisepackage.DataProviderwithdata2" name="getdata" time="0.000"/>
  <system-out/>
  <testcase classname="Practisepackage.DataProviderwithdata2" name="getdata" time="0.006"/>
  <system-out/>
</testsuite> <!-- Practisepackage.DataProviderwithdata2 -->
