<?xml version="1.0" encoding="UTF-8"?>
<!-- Generated by org.testng.reporters.JUnitReportReporter -->
<testsuite hostname="Roshan" failures="0" tests="2" name="Practisepackage.DataProvideronlyclass" time="0.005" errors="0" timestamp="2023-04-09T10:01:36 IST" skipped="0">
  <testcase classname="Practisepackage.DataProvideronlyclass" name="getdata" time="0.004"/>
  <system-out/>
  <testcase classname="Practisepackage.DataProvideronlyclass" name="getdata" time="0.001"/>
  <system-out/>
</testsuite> <!-- Practisepackage.DataProvideronlyclass -->
