<?xml version="1.0" encoding="UTF-8"?>
<!-- Generated by org.testng.reporters.JUnitReportReporter -->
<testsuite hostname="Roshan" failures="0" tests="1" name="Wishlist.AddtowishlistpomTest" time="3.300" errors="0" timestamp="2023-03-28T16:34:41 IST" skipped="0">
  <testcase classname="Wishlist.AddtowishlistpomTest" name="addtowisList" time="3.300"/>
  <system-out>
    <![CDATA[addtowisList-----> Testscript execution started
addwishlist
addtowisList-----> Testscript execution sucessfull]]>
  </system-out>
</testsuite> <!-- Wishlist.AddtowishlistpomTest -->
