<?xml version="1.0" encoding="UTF-8"?>
<!-- Generated by org.testng.reporters.JUnitReportReporter -->
<testsuite hostname="Roshan" failures="0" tests="1" name="MyAccount.Productviewpom" time="3.972" errors="0" timestamp="2023-03-24T15:56:17 IST" skipped="0">
  <testcase classname="MyAccount.Productviewpom" name="Productview" time="3.972"/>
  <system-out>
    <![CDATA[Productview]]>
  </system-out>
</testsuite> <!-- MyAccount.Productviewpom -->
